<?xml version="1.0" encoding="UTF-8"?>
<testsuite xmlns:xsi="http://www.w3.org/2001/XMLSchema-instance" xsi:noNamespaceSchemaLocation="https://maven.apache.org/surefire/maven-surefire-plugin/xsd/surefire-test-report.xsd" version="3.0.2" name="TestSuite" time="56.232" tests="1" errors="0" skipped="0" failures="0">
  <properties>
[...]
</properties>
  <testcase name="testGoogleTitle" classname="acc.ad" time="10.663">
    <system-out><![CDATA[hi
]]></system-out>
    <system-err><![CDATA[SLF4J(W): No SLF4J providers were found.
SLF4J(W): Defaulting to no-operation (NOP) logger implementation
SLF4J(W): See https://www.slf4j.org/codes.html#noProviders for further details.
1738151247526	geckodriver	INFO	Listening on 127.0.0.1:58764
1738151248420	mozrunner::runner	INFO	Running command: "C:\\Program Files\\Mozilla Firefox\\firefox.exe" "--marionette" "--start-maximized" "--remote-debugging-por ... localhost:56890/,http://[::1]:56890/" "-no-remote" "-profile" "C:\\Users\\sagar\\AppData\\Local\\Temp\\rust_mozprofileRkaO6E"
console.warn: services.settings: Ignoring preference override of remote settings server
console.warn: services.settings: Allow by setting MOZ_REMOTE_SETTINGS_DEVTOOLS=1 in the environment
Dynamically enable window occlusion 0
1738151252717	Marionette	INFO	Marionette enabled
console.error: "Warning: unrecognized command line flag" "-start-maximized"
1738151253985	Marionette	INFO	Listening on port 60463
WebDriver BiDi listening on ws://127.0.0.1:56890
Read port: 60463
1738151255570	RemoteAgent	WARN	TLS certificate errors will be ignored for this session
Jan 29, 2025 5:17:53 PM org.openqa.selenium.remote.ProtocolHandshake createSession
INFO: Detected upstream dialect: W3C
console.error: ({})
]]></system-err>
  </testcase>
</testsuite>