<?xml version="1.0" encoding="UTF-8"?>
<testng-results ignored="0" total="1" passed="1" failed="0" skipped="0">
  <reporter-output>
  </reporter-output>
  <suite started-at="2025-01-29T17:17:15 IST" name="Suite" finished-at="2025-01-29T17:18:10 IST" duration-ms="54832">
    <groups>
    </groups>
    <test started-at="2025-01-29T17:17:15 IST" name="Test" finished-at="2025-01-29T17:18:10 IST" duration-ms="54832">
      <class name="acc.ad">
        <test-method is-config="true" signature="setUp()[pri:0, instance:acc.ad@3e2e18f2]" started-at="2025-01-29T17:17:15 IST" name="setUp" finished-at="2025-01-29T17:17:53 IST" duration-ms="37397" status="PASS">
          <reporter-output>
          </reporter-output>
        </test-method> <!-- setUp -->
        <test-method signature="testGoogleTitle()[pri:0, instance:acc.ad@3e2e18f2]" started-at="2025-01-29T17:17:53 IST" name="testGoogleTitle" finished-at="2025-01-29T17:18:03 IST" duration-ms="10658" status="PASS">
          <reporter-output>
          </reporter-output>
        </test-method> <!-- testGoogleTitle -->
        <test-method is-config="true" signature="tearDown()[pri:0, instance:acc.ad@3e2e18f2]" started-at="2025-01-29T17:18:03 IST" name="tearDown" finished-at="2025-01-29T17:18:10 IST" duration-ms="6706" status="PASS">
          <reporter-output>
          </reporter-output>
        </test-method> <!-- tearDown -->
      </class> <!-- acc.ad -->
    </test> <!-- Test -->
  </suite> <!-- Suite -->
</testng-results>
