<?xml version="1.0" encoding="UTF-8"?>
<testng-results ignored="0" total="1" passed="1" failed="0" skipped="0">
  <reporter-output>
  </reporter-output>
  <suite started-at="2025-01-29T16:17:12 IST" name="Suite" finished-at="2025-01-29T16:17:39 IST" duration-ms="27037">
    <groups>
    </groups>
    <test started-at="2025-01-29T16:17:12 IST" name="Test" finished-at="2025-01-29T16:17:39 IST" duration-ms="27037">
      <class name="acc.ad">
        <test-method is-config="true" signature="setUp()[pri:0, instance:acc.ad@1d2adfbe]" started-at="2025-01-29T16:17:12 IST" name="setUp" finished-at="2025-01-29T16:17:28 IST" duration-ms="15393" status="PASS">
          <reporter-output>
          </reporter-output>
        </test-method> <!-- setUp -->
        <test-method signature="testGoogleTitle()[pri:0, instance:acc.ad@1d2adfbe]" started-at="2025-01-29T16:17:28 IST" name="testGoogleTitle" finished-at="2025-01-29T16:17:34 IST" duration-ms="5874" status="PASS">
          <reporter-output>
          </reporter-output>
        </test-method> <!-- testGoogleTitle -->
        <test-method is-config="true" signature="tearDown()[pri:0, instance:acc.ad@1d2adfbe]" started-at="2025-01-29T16:17:34 IST" name="tearDown" finished-at="2025-01-29T16:17:39 IST" duration-ms="5644" status="PASS">
          <reporter-output>
          </reporter-output>
        </test-method> <!-- tearDown -->
      </class> <!-- acc.ad -->
    </test> <!-- Test -->
  </suite> <!-- Suite -->
</testng-results>
